<?xml version="1.0" encoding="UTF-8"?>
<!-- Generated by org.testng.reporters.JUnitReportReporter -->
<testsuite skipped="0" hostname="LAPTOP-KTH72RIV" name="com.qa.Tekarch.TestProject.Vegetable_chart" tests="2" failures="0" timestamp="2021-01-04T16:34:50 PST" time="11.565" errors="0">
  <testcase name="click_on_cart" time="10.740" classname="com.qa.Tekarch.TestProject.Vegetable_chart"/>
  <system-out/>
  <testcase name="addTest" time="0.825" classname="com.qa.Tekarch.TestProject.Vegetable_chart"/>
  <system-out/>
</testsuite> <!-- com.qa.Tekarch.TestProject.Vegetable_chart -->
