<?xml version="1.0" encoding="UTF-8"?>
<!-- Generated by org.testng.reporters.JUnitReportReporter -->
<testsuite skipped="0" hostname="LAPTOP-KTH72RIV" name="com.qa.Tekarch.TestProject.Vegetable_chart" tests="1" failures="0" timestamp="2021-01-08T11:38:36 PST" time="18.557" errors="0">
  <testcase name="click_on_cart" time="18.557" classname="com.qa.Tekarch.TestProject.Vegetable_chart"/>
  <system-out/>
</testsuite> <!-- com.qa.Tekarch.TestProject.Vegetable_chart -->
