<?xml version="1.0" encoding="UTF-8"?>
<!-- Generated by org.testng.reporters.JUnitReportReporter -->
<testsuite skipped="0" hostname="LAPTOP-KTH72RIV" name="com.qa.Salesforce.Selenium.SFDCtestNg" tests="3" failures="0" timestamp="2021-01-04T16:25:39 PST" time="25.432" errors="0">
  <testcase name="salesforce_TC4A" time="5.070" classname="com.qa.Salesforce.Selenium.SFDCtestNg"/>
  <system-out/>
  <testcase name="salesforce_TC5" time="4.480" classname="com.qa.Salesforce.Selenium.SFDCtestNg"/>
  <system-out/>
  <testcase name="salesforce_TC1" time="15.882" classname="com.qa.Salesforce.Selenium.SFDCtestNg"/>
  <system-out/>
</testsuite> <!-- com.qa.Salesforce.Selenium.SFDCtestNg -->
