<?xml version="1.0" encoding="UTF-8"?>
<!-- Generated by org.testng.reporters.JUnitReportReporter -->
<testsuite skipped="0" hostname="LAPTOP-KTH72RIV" name="com.qa.Tekarch.TestProject.Vegetable_chart" tests="2" failures="0" timestamp="2021-01-05T15:00:11 PST" time="28.266" errors="0">
  <testcase name="click_on_cart" time="14.332" classname="com.qa.Tekarch.TestProject.Vegetable_chart"/>
  <system-out/>
  <testcase name="addTest" time="13.934" classname="com.qa.Tekarch.TestProject.Vegetable_chart"/>
  <system-out/>
</testsuite> <!-- com.qa.Tekarch.TestProject.Vegetable_chart -->
