<?xml version="1.0" encoding="UTF-8"?>
<!-- Generated by org.testng.reporters.JUnitReportReporter -->
<testsuite skipped="0" hostname="LAPTOP-KTH72RIV" name="com.qa.Tekarch.TestProject.CartCheckOutPage" tests="2" failures="0" timestamp="2021-01-05T14:46:57 PST" time="26.252" errors="0">
  <testcase name="CheckOut_To_paymentGateway" time="22.185" classname="com.qa.Tekarch.TestProject.CartCheckOutPage"/>
  <system-out/>
  <testcase name="Navigate_To_Checkout" time="4.067" classname="com.qa.Tekarch.TestProject.CartCheckOutPage"/>
  <system-out/>
</testsuite> <!-- com.qa.Tekarch.TestProject.CartCheckOutPage -->
