<?xml version="1.0" encoding="UTF-8"?>
<!-- Generated by org.testng.reporters.JUnitReportReporter -->
<testsuite skipped="0" hostname="LAPTOP-KTH72RIV" name="com.qa.Tekarch.TestProject.CartCheckOutPage" tests="2" failures="0" timestamp="2021-01-08T11:22:38 PST" time="25.695" errors="0">
  <testcase name="Navigate_To_Checkout" time="6.754" classname="com.qa.Tekarch.TestProject.CartCheckOutPage"/>
  <system-out/>
  <testcase name="CheckOut_To_paymentGateway" time="18.941" classname="com.qa.Tekarch.TestProject.CartCheckOutPage"/>
  <system-out/>
</testsuite> <!-- com.qa.Tekarch.TestProject.CartCheckOutPage -->
