<?xml version="1.0" encoding="UTF-8"?>
<!-- Generated by org.testng.reporters.JUnitReportReporter -->
<testsuite skipped="0" hostname="LAPTOP-KTH72RIV" name="com.qa.Salesforce.Selenium.SFDCtestNg" tests="3" failures="0" timestamp="2021-01-08T10:43:24 PST" time="19.840" errors="0">
  <testcase name="salesforce_TC5" time="4.375" classname="com.qa.Salesforce.Selenium.SFDCtestNg"/>
  <system-out/>
  <testcase name="salesforce_TC4A" time="4.807" classname="com.qa.Salesforce.Selenium.SFDCtestNg"/>
  <system-out/>
  <testcase name="salesforce_TC1" time="10.658" classname="com.qa.Salesforce.Selenium.SFDCtestNg"/>
  <system-out/>
</testsuite> <!-- com.qa.Salesforce.Selenium.SFDCtestNg -->
