<?xml version="1.0" encoding="UTF-8"?>
<!-- Generated by org.testng.reporters.JUnitReportReporter -->
<testsuite skipped="0" hostname="LAPTOP-KTH72RIV" name="com.qa.salesforce.TestCases.cartTesting" tests="1" failures="0" timestamp="2021-01-04T00:07:04 PST" time="16.579" errors="0">
  <testcase name="addTest" time="16.579" classname="com.qa.salesforce.TestCases.cartTesting"/>
  <system-out/>
</testsuite> <!-- com.qa.salesforce.TestCases.cartTesting -->
